# JRE version: OpenJDK Runtime Environment (8.0_152-b06) (build 1.8.0_152-release-1136-b06)
# Java VM: OpenJDK 64-Bit Server VM (25.152-b06 mixed mode windows-amd64 compressed oops)
Heap:
 PSYoungGen      total 229376K, used 229352K [0x00000000e0000000, 0x00000000f1e80000, 0x0000000100000000)
  eden space 182784K, 100% used [0x00000000e0000000,0x00000000eb280000,0x00000000eb280000)
  from space 46592K, 99% used [0x00000000ee800000,0x00000000f157a358,0x00000000f1580000)
  to   space 54784K, 45% used [0x00000000eb280000,0x00000000ecafb200,0x00000000ee800000)
 ParOldGen       total 100352K, used 59945K [0x00000000a0000000, 0x00000000a6200000, 0x00000000e0000000)
  object space 100352K, 59% used [0x00000000a0000000,0x00000000a3a8a658,0x00000000a6200000)
 Metaspace       used 89952K, capacity 94166K, committed 94376K, reserved 1130496K
  class space    used 11528K, capacity 12408K, committed 12464K, reserved 1048576K
GC Heap History (10 events):
Event: 65.461 GC heap after
Heap after GC invocations=15 (full 3):
 PSYoungGen      total 201728K, used 28153K [0x00000000e0000000, 0x00000000ef100000, 0x0000000100000000)
  eden space 173568K, 0% used [0x00000000e0000000,0x00000000e0000000,0x00000000ea980000)
  from space 28160K, 99% used [0x00000000ecb00000,0x00000000ee67e540,0x00000000ee680000)
  to   space 34304K, 0% used [0x00000000ea980000,0x00000000ea980000,0x00000000ecb00000)
 ParOldGen       total 100352K, used 41338K [0x00000000a0000000, 0x00000000a6200000, 0x00000000e0000000)
  object space 100352K, 41% used [0x00000000a0000000,0x00000000a285ea18,0x00000000a6200000)
 Metaspace       used 64636K, capacity 66552K, committed 66728K, reserved 1107968K
  class space    used 8554K, capacity 9016K, committed 9136K, reserved 1048576K
}
Event: 79.062 GC heap before
{Heap before GC invocations=16 (full 3):
 PSYoungGen      total 201728K, used 201369K [0x00000000e0000000, 0x00000000ef100000, 0x0000000100000000)
  eden space 173568K, 99% used [0x00000000e0000000,0x00000000ea928278,0x00000000ea980000)
  from space 28160K, 99% used [0x00000000ecb00000,0x00000000ee67e540,0x00000000ee680000)
  to   space 34304K, 0% used [0x00000000ea980000,0x00000000ea980000,0x00000000ecb00000)
 ParOldGen       total 100352K, used 41338K [0x00000000a0000000, 0x00000000a6200000, 0x00000000e0000000)
  object space 100352K, 41% used [0x00000000a0000000,0x00000000a285ea18,0x00000000a6200000)
 Metaspace       used 75259K, capacity 78186K, committed 78504K, reserved 1118208K
  class space    used 9926K, capacity 10557K, committed 10672K, reserved 1048576K
Event: 79.102 GC heap after
Heap after GC invocations=16 (full 3):
 PSYoungGen      total 207872K, used 32430K [0x00000000e0000000, 0x00000000f1480000, 0x0000000100000000)
  eden space 173568K, 0% used [0x00000000e0000000,0x00000000e0000000,0x00000000ea980000)
  from space 34304K, 94% used [0x00000000ea980000,0x00000000ec92bac0,0x00000000ecb00000)
  to   space 39424K, 0% used [0x00000000eee00000,0x00000000eee00000,0x00000000f1480000)
 ParOldGen       total 100352K, used 41346K [0x00000000a0000000, 0x00000000a6200000, 0x00000000e0000000)
  object space 100352K, 41% used [0x00000000a0000000,0x00000000a2860a18,0x00000000a6200000)
 Metaspace       used 75259K, capacity 78186K, committed 78504K, reserved 1118208K
  class space    used 9926K, capacity 10557K, committed 10672K, reserved 1048576K
}
Event: 347.160 GC heap before
{Heap before GC invocations=17 (full 3):
 PSYoungGen      total 207872K, used 205998K [0x00000000e0000000, 0x00000000f1480000, 0x0000000100000000)
  eden space 173568K, 100% used [0x00000000e0000000,0x00000000ea980000,0x00000000ea980000)
  from space 34304K, 94% used [0x00000000ea980000,0x00000000ec92bac0,0x00000000ecb00000)
  to   space 39424K, 0% used [0x00000000eee00000,0x00000000eee00000,0x00000000f1480000)
 ParOldGen       total 100352K, used 41346K [0x00000000a0000000, 0x00000000a6200000, 0x00000000e0000000)
  object space 100352K, 41% used [0x00000000a0000000,0x00000000a2860a18,0x00000000a6200000)
 Metaspace       used 79659K, capacity 82958K, committed 83240K, reserved 1122304K
  class space    used 10338K, capacity 11013K, committed 11056K, reserved 1048576K
Event: 347.208 GC heap after
Heap after GC invocations=17 (full 3):
 PSYoungGen      total 237568K, used 29967K [0x00000000e0000000, 0x00000000f1400000, 0x0000000100000000)
  eden space 198656K, 0% used [0x00000000e0000000,0x00000000e0000000,0x00000000ec200000)
  from space 38912K, 77% used [0x00000000eee00000,0x00000000f0b43d48,0x00000000f1400000)
  to   space 41984K, 0% used [0x00000000ec200000,0x00000000ec200000,0x00000000eeb00000)
 ParOldGen       total 100352K, used 41354K [0x00000000a0000000, 0x00000000a6200000, 0x00000000e0000000)
  object space 100352K, 41% used [0x00000000a0000000,0x00000000a2862a18,0x00000000a6200000)
 Metaspace       used 79659K, capacity 82958K, committed 83240K, reserved 1122304K
  class space    used 10338K, capacity 11013K, committed 11056K, reserved 1048576K
}
Event: 932.813 GC heap before
{Heap before GC invocations=18 (full 3):
 PSYoungGen      total 237568K, used 228623K [0x00000000e0000000, 0x00000000f1400000, 0x0000000100000000)
  eden space 198656K, 100% used [0x00000000e0000000,0x00000000ec200000,0x00000000ec200000)
  from space 38912K, 77% used [0x00000000eee00000,0x00000000f0b43d48,0x00000000f1400000)
  to   space 41984K, 0% used [0x00000000ec200000,0x00000000ec200000,0x00000000eeb00000)
 ParOldGen       total 100352K, used 41354K [0x00000000a0000000, 0x00000000a6200000, 0x00000000e0000000)
  object space 100352K, 41% used [0x00000000a0000000,0x00000000a2862a18,0x00000000a6200000)
 Metaspace       used 85112K, capacity 88840K, committed 89128K, reserved 1126400K
  class space    used 10974K, capacity 11754K, committed 11824K, reserved 1048576K
Event: 932.940 GC heap after
Heap after GC invocations=18 (full 3):
 PSYoungGen      total 227328K, used 35854K [0x00000000e0000000, 0x00000000f1580000, 0x0000000100000000)
  eden space 190976K, 0% used [0x00000000e0000000,0x00000000e0000000,0x00000000eba80000)
  from space 36352K, 98% used [0x00000000ec200000,0x00000000ee503a78,0x00000000ee580000)
  to   space 46592K, 0% used [0x00000000ee800000,0x00000000ee800000,0x00000000f1580000)
 ParOldGen       total 100352K, used 41362K [0x00000000a0000000, 0x00000000a6200000, 0x00000000e0000000)
  object space 100352K, 41% used [0x00000000a0000000,0x00000000a2864a18,0x00000000a6200000)
 Metaspace       used 85112K, capacity 88840K, committed 89128K, reserved 1126400K
  class space    used 10974K, capacity 11754K, committed 11824K, reserved 1048576K
}
Event: 940.165 GC heap before
{Heap before GC invocations=19 (full 3):
 PSYoungGen      total 227328K, used 226830K [0x00000000e0000000, 0x00000000f1580000, 0x0000000100000000)
  eden space 190976K, 100% used [0x00000000e0000000,0x00000000eba80000,0x00000000eba80000)
  from space 36352K, 98% used [0x00000000ec200000,0x00000000ee503a78,0x00000000ee580000)
  to   space 46592K, 0% used [0x00000000ee800000,0x00000000ee800000,0x00000000f1580000)
 ParOldGen       total 100352K, used 41362K [0x00000000a0000000, 0x00000000a6200000, 0x00000000e0000000)
  object space 100352K, 41% used [0x00000000a0000000,0x00000000a2864a18,0x00000000a6200000)
 Metaspace       used 87431K, capacity 91476K, committed 91560K, reserved 1128448K
  class space    used 11280K, capacity 12153K, committed 12208K, reserved 1048576K
Event: 940.315 GC heap after
Heap after GC invocations=19 (full 3):
 PSYoungGen      total 229376K, used 46568K [0x00000000e0000000, 0x00000000f1e80000, 0x0000000100000000)
  eden space 182784K, 0% used [0x00000000e0000000,0x00000000e0000000,0x00000000eb280000)
  from space 46592K, 99% used [0x00000000ee800000,0x00000000f157a358,0x00000000f1580000)
  to   space 54784K, 0% used [0x00000000eb280000,0x00000000eb280000,0x00000000ee800000)
 ParOldGen       total 100352K, used 43063K [0x00000000a0000000, 0x00000000a6200000, 0x00000000e0000000)
  object space 100352K, 42% used [0x00000000a0000000,0x00000000a2a0dd00,0x00000000a6200000)
 Metaspace       used 87431K, capacity 91476K, committed 91560K, reserved 1128448K
  class space    used 11280K, capacity 12153K, committed 12208K, reserved 1048576K
}
Event: 10169.048 GC heap before
{Heap before GC invocations=20 (full 3):
 PSYoungGen      total 229376K, used 229352K [0x00000000e0000000, 0x00000000f1e80000, 0x0000000100000000)
  eden space 182784K, 100% used [0x00000000e0000000,0x00000000eb280000,0x00000000eb280000)
  from space 46592K, 99% used [0x00000000ee800000,0x00000000f157a358,0x00000000f1580000)
  to   space 54784K, 0% used [0x00000000eb280000,0x00000000eb280000,0x00000000ee800000)
 ParOldGen       total 100352K, used 43063K [0x00000000a0000000, 0x00000000a6200000, 0x00000000e0000000)
  object space 100352K, 42% used [0x00000000a0000000,0x00000000a2a0dd00,0x00000000a6200000)
 Metaspace       used 89952K, capacity 94166K, committed 94376K, reserved 1130496K
  class space    used 11528K, capacity 12408K, committed 12464K, reserved 1048576K

