# JRE version: OpenJDK Runtime Environment (8.0_152-b06) (build 1.8.0_152-release-1136-b06)
# Java VM: OpenJDK 64-Bit Server VM (25.152-b06 mixed mode windows-amd64 compressed oops)
Heap:
 PSYoungGen      total 190464K, used 73102K [0x00000000e0000000, 0x00000000ef100000, 0x0000000100000000)
  eden space 177664K, 34% used [0x00000000e0000000,0x00000000e3b2c690,0x00000000ead80000)
  from space 12800K, 97% used [0x00000000ee480000,0x00000000ef0b7520,0x00000000ef100000)
  to   space 23552K, 0% used [0x00000000ec300000,0x00000000ec300000,0x00000000eda00000)
 ParOldGen       total 101888K, used 60072K [0x00000000a0000000, 0x00000000a6380000, 0x00000000e0000000)
  object space 101888K, 58% used [0x00000000a0000000,0x00000000a3aaa2f8,0x00000000a6380000)
 Metaspace       used 84463K, capacity 88018K, committed 88088K, reserved 1126400K
  class space    used 10600K, capacity 11292K, committed 11312K, reserved 1048576K
GC Heap History (10 events):
Event: 764.443 GC heap before
{Heap before GC invocations=21 (full 3):
 PSYoungGen      total 241664K, used 224209K [0x00000000e0000000, 0x00000000f2680000, 0x0000000100000000)
  eden space 215552K, 100% used [0x00000000e0000000,0x00000000ed280000,0x00000000ed280000)
  from space 26112K, 33% used [0x00000000ed280000,0x00000000edaf47b0,0x00000000eec00000)
  to   space 25600K, 0% used [0x00000000f0d80000,0x00000000f0d80000,0x00000000f2680000)
 ParOldGen       total 101888K, used 60040K [0x00000000a0000000, 0x00000000a6380000, 0x00000000e0000000)
  object space 101888K, 58% used [0x00000000a0000000,0x00000000a3aa22f8,0x00000000a6380000)
 Metaspace       used 82986K, capacity 86370K, committed 86552K, reserved 1124352K
  class space    used 10564K, capacity 11232K, committed 11312K, reserved 1048576K
Event: 764.479 GC heap after
Heap after GC invocations=21 (full 3):
 PSYoungGen      total 219648K, used 12239K [0x00000000e0000000, 0x00000000f1980000, 0x0000000100000000)
  eden space 207360K, 0% used [0x00000000e0000000,0x00000000e0000000,0x00000000eca80000)
  from space 12288K, 99% used [0x00000000f0d80000,0x00000000f1973c80,0x00000000f1980000)
  to   space 24576K, 0% used [0x00000000ee980000,0x00000000ee980000,0x00000000f0180000)
 ParOldGen       total 101888K, used 60048K [0x00000000a0000000, 0x00000000a6380000, 0x00000000e0000000)
  object space 101888K, 58% used [0x00000000a0000000,0x00000000a3aa42f8,0x00000000a6380000)
 Metaspace       used 82986K, capacity 86370K, committed 86552K, reserved 1124352K
  class space    used 10564K, capacity 11232K, committed 11312K, reserved 1048576K
}
Event: 1617.123 GC heap before
{Heap before GC invocations=22 (full 3):
 PSYoungGen      total 219648K, used 219599K [0x00000000e0000000, 0x00000000f1980000, 0x0000000100000000)
  eden space 207360K, 100% used [0x00000000e0000000,0x00000000eca80000,0x00000000eca80000)
  from space 12288K, 99% used [0x00000000f0d80000,0x00000000f1973c80,0x00000000f1980000)
  to   space 24576K, 0% used [0x00000000ee980000,0x00000000ee980000,0x00000000f0180000)
 ParOldGen       total 101888K, used 60048K [0x00000000a0000000, 0x00000000a6380000, 0x00000000e0000000)
  object space 101888K, 58% used [0x00000000a0000000,0x00000000a3aa42f8,0x00000000a6380000)
 Metaspace       used 83509K, capacity 86984K, committed 87064K, reserved 1124352K
  class space    used 10573K, capacity 11247K, committed 11312K, reserved 1048576K
Event: 1617.174 GC heap after
Heap after GC invocations=22 (full 3):
 PSYoungGen      total 218112K, used 18835K [0x00000000e0000000, 0x00000000f0e00000, 0x0000000100000000)
  eden space 199168K, 0% used [0x00000000e0000000,0x00000000e0000000,0x00000000ec280000)
  from space 18944K, 99% used [0x00000000ee980000,0x00000000efbe4f80,0x00000000efc00000)
  to   space 18432K, 0% used [0x00000000efc00000,0x00000000efc00000,0x00000000f0e00000)
 ParOldGen       total 101888K, used 60056K [0x00000000a0000000, 0x00000000a6380000, 0x00000000e0000000)
  object space 101888K, 58% used [0x00000000a0000000,0x00000000a3aa62f8,0x00000000a6380000)
 Metaspace       used 83509K, capacity 86984K, committed 87064K, reserved 1124352K
  class space    used 10573K, capacity 11247K, committed 11312K, reserved 1048576K
}
Event: 1717.119 GC heap before
{Heap before GC invocations=23 (full 3):
 PSYoungGen      total 218112K, used 218003K [0x00000000e0000000, 0x00000000f0e00000, 0x0000000100000000)
  eden space 199168K, 100% used [0x00000000e0000000,0x00000000ec280000,0x00000000ec280000)
  from space 18944K, 99% used [0x00000000ee980000,0x00000000efbe4f80,0x00000000efc00000)
  to   space 18432K, 0% used [0x00000000efc00000,0x00000000efc00000,0x00000000f0e00000)
 ParOldGen       total 101888K, used 60056K [0x00000000a0000000, 0x00000000a6380000, 0x00000000e0000000)
  object space 101888K, 58% used [0x00000000a0000000,0x00000000a3aa62f8,0x00000000a6380000)
 Metaspace       used 83887K, capacity 87442K, committed 87576K, reserved 1126400K
  class space    used 10584K, capacity 11264K, committed 11312K, reserved 1048576K
Event: 1717.140 GC heap after
Heap after GC invocations=23 (full 3):
 PSYoungGen      total 200704K, used 9178K [0x00000000e0000000, 0x00000000f0500000, 0x0000000100000000)
  eden space 191488K, 0% used [0x00000000e0000000,0x00000000e0000000,0x00000000ebb00000)
  from space 9216K, 99% used [0x00000000efc00000,0x00000000f04f6830,0x00000000f0500000)
  to   space 25088K, 0% used [0x00000000ed400000,0x00000000ed400000,0x00000000eec80000)
 ParOldGen       total 101888K, used 60064K [0x00000000a0000000, 0x00000000a6380000, 0x00000000e0000000)
  object space 101888K, 58% used [0x00000000a0000000,0x00000000a3aa82f8,0x00000000a6380000)
 Metaspace       used 83887K, capacity 87442K, committed 87576K, reserved 1126400K
  class space    used 10584K, capacity 11264K, committed 11312K, reserved 1048576K
}
Event: 4738.428 GC heap before
{Heap before GC invocations=24 (full 3):
 PSYoungGen      total 200704K, used 200666K [0x00000000e0000000, 0x00000000f0500000, 0x0000000100000000)
  eden space 191488K, 100% used [0x00000000e0000000,0x00000000ebb00000,0x00000000ebb00000)
  from space 9216K, 99% used [0x00000000efc00000,0x00000000f04f6830,0x00000000f0500000)
  to   space 25088K, 0% used [0x00000000ed400000,0x00000000ed400000,0x00000000eec80000)
 ParOldGen       total 101888K, used 60064K [0x00000000a0000000, 0x00000000a6380000, 0x00000000e0000000)
  object space 101888K, 58% used [0x00000000a0000000,0x00000000a3aa82f8,0x00000000a6380000)
 Metaspace       used 84200K, capacity 87820K, committed 88088K, reserved 1126400K
  class space    used 10599K, capacity 11291K, committed 11312K, reserved 1048576K
Event: 4738.621 GC heap after
Heap after GC invocations=24 (full 3):
 PSYoungGen      total 192512K, used 8134K [0x00000000e0000000, 0x00000000efc80000, 0x0000000100000000)
  eden space 184320K, 0% used [0x00000000e0000000,0x00000000e0000000,0x00000000eb400000)
  from space 8192K, 99% used [0x00000000ed400000,0x00000000edbf19d0,0x00000000edc00000)
  to   space 24576K, 0% used [0x00000000ee480000,0x00000000ee480000,0x00000000efc80000)
 ParOldGen       total 101888K, used 60064K [0x00000000a0000000, 0x00000000a6380000, 0x00000000e0000000)
  object space 101888K, 58% used [0x00000000a0000000,0x00000000a3aa82f8,0x00000000a6380000)
 Metaspace       used 84200K, capacity 87820K, committed 88088K, reserved 1126400K
  class space    used 10599K, capacity 11291K, committed 11312K, reserved 1048576K
}
Event: 5924.777 GC heap before
{Heap before GC invocations=25 (full 3):
 PSYoungGen      total 192512K, used 192454K [0x00000000e0000000, 0x00000000efc80000, 0x0000000100000000)
  eden space 184320K, 100% used [0x00000000e0000000,0x00000000eb400000,0x00000000eb400000)
  from space 8192K, 99% used [0x00000000ed400000,0x00000000edbf19d0,0x00000000edc00000)
  to   space 24576K, 0% used [0x00000000ee480000,0x00000000ee480000,0x00000000efc80000)
 ParOldGen       total 101888K, used 60064K [0x00000000a0000000, 0x00000000a6380000, 0x00000000e0000000)
  object space 101888K, 58% used [0x00000000a0000000,0x00000000a3aa82f8,0x00000000a6380000)
 Metaspace       used 84397K, capacity 87954K, committed 88088K, reserved 1126400K
  class space    used 10600K, capacity 11292K, committed 11312K, reserved 1048576K
Event: 5924.804 GC heap after
Heap after GC invocations=25 (full 3):
 PSYoungGen      total 190464K, used 12509K [0x00000000e0000000, 0x00000000ef100000, 0x0000000100000000)
  eden space 177664K, 0% used [0x00000000e0000000,0x00000000e0000000,0x00000000ead80000)
  from space 12800K, 97% used [0x00000000ee480000,0x00000000ef0b7520,0x00000000ef100000)
  to   space 23552K, 0% used [0x00000000ec300000,0x00000000ec300000,0x00000000eda00000)
 ParOldGen       total 101888K, used 60072K [0x00000000a0000000, 0x00000000a6380000, 0x00000000e0000000)
  object space 101888K, 58% used [0x00000000a0000000,0x00000000a3aaa2f8,0x00000000a6380000)
 Metaspace       used 84397K, capacity 87954K, committed 88088K, reserved 1126400K
  class space    used 10600K, capacity 11292K, committed 11312K, reserved 1048576K
}

