# JRE version: OpenJDK Runtime Environment (8.0_152-b02) (build 1.8.0_152-release-1024-b02)
# Java VM: OpenJDK 64-Bit Server VM (25.152-b02 mixed mode windows-amd64 compressed oops)
Heap:
 PSYoungGen      total 297472K, used 95767K [0x00000000e0000000, 0x00000000f5b80000, 0x0000000100000000)
  eden space 246272K, 33% used [0x00000000e0000000,0x00000000e51c0248,0x00000000ef080000)
  from space 51200K, 23% used [0x00000000f2980000,0x00000000f3545a90,0x00000000f5b80000)
  to   space 54784K, 0% used [0x00000000ef080000,0x00000000ef080000,0x00000000f2600000)
 ParOldGen       total 143360K, used 64700K [0x00000000a0000000, 0x00000000a8c00000, 0x00000000e0000000)
  object space 143360K, 45% used [0x00000000a0000000,0x00000000a3f2f390,0x00000000a8c00000)
 Metaspace       used 80473K, capacity 83972K, committed 84056K, reserved 1122304K
  class space    used 10145K, capacity 10817K, committed 10880K, reserved 1048576K
GC Heap History (10 events):
Event: 661.396 GC heap before
{Heap before GC invocations=63 (full 7):
 PSYoungGen      total 223232K, used 176640K [0x00000000e0000000, 0x00000000f1700000, 0x0000000100000000)
  eden space 176640K, 100% used [0x00000000e0000000,0x00000000eac80000,0x00000000eac80000)
  from space 46592K, 0% used [0x00000000eac80000,0x00000000eac80000,0x00000000eda00000)
  to   space 44032K, 0% used [0x00000000eec00000,0x00000000eec00000,0x00000000f1700000)
 ParOldGen       total 143360K, used 55026K [0x00000000a0000000, 0x00000000a8c00000, 0x00000000e0000000)
  object space 143360K, 38% used [0x00000000a0000000,0x00000000a35bcb00,0x00000000a8c00000)
 Metaspace       used 79641K, capacity 82828K, committed 82904K, reserved 1122304K
  class space    used 10096K, capacity 10729K, committed 10752K, reserved 1048576K
Event: 661.484 GC heap after
Heap after GC invocations=63 (full 7):
 PSYoungGen      total 234496K, used 43785K [0x00000000e0000000, 0x00000000f2800000, 0x0000000100000000)
  eden space 190464K, 0% used [0x00000000e0000000,0x00000000e0000000,0x00000000eba00000)
  from space 44032K, 99% used [0x00000000eec00000,0x00000000f16c2468,0x00000000f1700000)
  to   space 51200K, 0% used [0x00000000eba00000,0x00000000eba00000,0x00000000eec00000)
 ParOldGen       total 143360K, used 55034K [0x00000000a0000000, 0x00000000a8c00000, 0x00000000e0000000)
  object space 143360K, 38% used [0x00000000a0000000,0x00000000a35beb00,0x00000000a8c00000)
 Metaspace       used 79641K, capacity 82828K, committed 82904K, reserved 1122304K
  class space    used 10096K, capacity 10729K, committed 10752K, reserved 1048576K
}
Event: 5127.192 GC heap before
{Heap before GC invocations=64 (full 7):
 PSYoungGen      total 234496K, used 234249K [0x00000000e0000000, 0x00000000f2800000, 0x0000000100000000)
  eden space 190464K, 100% used [0x00000000e0000000,0x00000000eba00000,0x00000000eba00000)
  from space 44032K, 99% used [0x00000000eec00000,0x00000000f16c2468,0x00000000f1700000)
  to   space 51200K, 0% used [0x00000000eba00000,0x00000000eba00000,0x00000000eec00000)
 ParOldGen       total 143360K, used 55034K [0x00000000a0000000, 0x00000000a8c00000, 0x00000000e0000000)
  object space 143360K, 38% used [0x00000000a0000000,0x00000000a35beb00,0x00000000a8c00000)
 Metaspace       used 79875K, capacity 83010K, committed 83160K, reserved 1122304K
  class space    used 10101K, capacity 10738K, committed 10752K, reserved 1048576K
Event: 5128.820 GC heap after
Heap after GC invocations=64 (full 7):
 PSYoungGen      total 241664K, used 5897K [0x00000000e0000000, 0x00000000f3180000, 0x0000000100000000)
  eden space 190464K, 0% used [0x00000000e0000000,0x00000000e0000000,0x00000000eba00000)
  from space 51200K, 11% used [0x00000000eba00000,0x00000000ebfc27b8,0x00000000eec00000)
  to   space 50176K, 0% used [0x00000000f0080000,0x00000000f0080000,0x00000000f3180000)
 ParOldGen       total 143360K, used 57025K [0x00000000a0000000, 0x00000000a8c00000, 0x00000000e0000000)
  object space 143360K, 39% used [0x00000000a0000000,0x00000000a37b06b0,0x00000000a8c00000)
 Metaspace       used 79875K, capacity 83010K, committed 83160K, reserved 1122304K
  class space    used 10101K, capacity 10738K, committed 10752K, reserved 1048576K
}
Event: 5203.684 GC heap before
{Heap before GC invocations=65 (full 7):
 PSYoungGen      total 241664K, used 196361K [0x00000000e0000000, 0x00000000f3180000, 0x0000000100000000)
  eden space 190464K, 100% used [0x00000000e0000000,0x00000000eba00000,0x00000000eba00000)
  from space 51200K, 11% used [0x00000000eba00000,0x00000000ebfc27b8,0x00000000eec00000)
  to   space 50176K, 0% used [0x00000000f0080000,0x00000000f0080000,0x00000000f3180000)
 ParOldGen       total 143360K, used 57025K [0x00000000a0000000, 0x00000000a8c00000, 0x00000000e0000000)
  object space 143360K, 39% used [0x00000000a0000000,0x00000000a37b06b0,0x00000000a8c00000)
 Metaspace       used 80287K, capacity 83732K, committed 83800K, reserved 1122304K
  class space    used 10143K, capacity 10813K, committed 10880K, reserved 1048576K
Event: 5204.392 GC heap after
Heap after GC invocations=65 (full 7):
 PSYoungGen      total 260608K, used 6256K [0x00000000e0000000, 0x00000000f2f80000, 0x0000000100000000)
  eden space 212480K, 0% used [0x00000000e0000000,0x00000000e0000000,0x00000000ecf80000)
  from space 48128K, 12% used [0x00000000f0080000,0x00000000f069c060,0x00000000f2f80000)
  to   space 49152K, 0% used [0x00000000ecf80000,0x00000000ecf80000,0x00000000eff80000)
 ParOldGen       total 143360K, used 58034K [0x00000000a0000000, 0x00000000a8c00000, 0x00000000e0000000)
  object space 143360K, 40% used [0x00000000a0000000,0x00000000a38acb08,0x00000000a8c00000)
 Metaspace       used 80287K, capacity 83732K, committed 83800K, reserved 1122304K
  class space    used 10143K, capacity 10813K, committed 10880K, reserved 1048576K
}
Event: 5232.473 GC heap before
{Heap before GC invocations=66 (full 7):
 PSYoungGen      total 260608K, used 218736K [0x00000000e0000000, 0x00000000f2f80000, 0x0000000100000000)
  eden space 212480K, 100% used [0x00000000e0000000,0x00000000ecf80000,0x00000000ecf80000)
  from space 48128K, 12% used [0x00000000f0080000,0x00000000f069c060,0x00000000f2f80000)
  to   space 49152K, 0% used [0x00000000ecf80000,0x00000000ecf80000,0x00000000eff80000)
 ParOldGen       total 143360K, used 58034K [0x00000000a0000000, 0x00000000a8c00000, 0x00000000e0000000)
  object space 143360K, 40% used [0x00000000a0000000,0x00000000a38acb08,0x00000000a8c00000)
 Metaspace       used 80425K, capacity 83872K, committed 84056K, reserved 1122304K
  class space    used 10143K, capacity 10813K, committed 10880K, reserved 1048576K
Event: 5235.796 GC heap after
Heap after GC invocations=66 (full 7):
 PSYoungGen      total 261632K, used 47886K [0x00000000e0000000, 0x00000000f6180000, 0x0000000100000000)
  eden space 212480K, 0% used [0x00000000e0000000,0x00000000e0000000,0x00000000ecf80000)
  from space 49152K, 97% used [0x00000000ecf80000,0x00000000efe43a40,0x00000000eff80000)
  to   space 57344K, 0% used [0x00000000f2980000,0x00000000f2980000,0x00000000f6180000)
 ParOldGen       total 143360K, used 63452K [0x00000000a0000000, 0x00000000a8c00000, 0x00000000e0000000)
  object space 143360K, 44% used [0x00000000a0000000,0x00000000a3df7360,0x00000000a8c00000)
 Metaspace       used 80425K, capacity 83872K, committed 84056K, reserved 1122304K
  class space    used 10143K, capacity 10813K, committed 10880K, reserved 1048576K
}
Event: 5240.279 GC heap before
{Heap before GC invocations=67 (full 7):
 PSYoungGen      total 261632K, used 259984K [0x00000000e0000000, 0x00000000f6180000, 0x0000000100000000)
  eden space 212480K, 99% used [0x00000000e0000000,0x00000000ecf20960,0x00000000ecf80000)
  from space 49152K, 97% used [0x00000000ecf80000,0x00000000efe43a40,0x00000000eff80000)
  to   space 57344K, 0% used [0x00000000f2980000,0x00000000f2980000,0x00000000f6180000)
 ParOldGen       total 143360K, used 63452K [0x00000000a0000000, 0x00000000a8c00000, 0x00000000e0000000)
  object space 143360K, 44% used [0x00000000a0000000,0x00000000a3df7360,0x00000000a8c00000)
 Metaspace       used 80468K, capacity 83972K, committed 84056K, reserved 1122304K
  class space    used 10145K, capacity 10817K, committed 10880K, reserved 1048576K
Event: 5240.320 GC heap after
Heap after GC invocations=67 (full 7):
 PSYoungGen      total 297472K, used 12054K [0x00000000e0000000, 0x00000000f5b80000, 0x0000000100000000)
  eden space 246272K, 0% used [0x00000000e0000000,0x00000000e0000000,0x00000000ef080000)
  from space 51200K, 23% used [0x00000000f2980000,0x00000000f3545a90,0x00000000f5b80000)
  to   space 54784K, 0% used [0x00000000ef080000,0x00000000ef080000,0x00000000f2600000)
 ParOldGen       total 143360K, used 64700K [0x00000000a0000000, 0x00000000a8c00000, 0x00000000e0000000)
  object space 143360K, 45% used [0x00000000a0000000,0x00000000a3f2f390,0x00000000a8c00000)
 Metaspace       used 80468K, capacity 83972K, committed 84056K, reserved 1122304K
  class space    used 10145K, capacity 10817K, committed 10880K, reserved 1048576K
}

